#-----------------------------------------------------------
# Vivado v2024.1 (64-bit)
# SW Build 5076996 on Wed May 22 18:37:14 MDT 2024
# IP Build 5075265 on Wed May 22 21:45:21 MDT 2024
# SharedData Build 5076995 on Wed May 22 18:29:18 MDT 2024
# Start of session at: Wed Apr  2 23:21:24 2025
# Process ID: 29808
# Current directory: C:/Users/bahar/EE446_EXP2_2515583
# Command line: vivado.exe -gui_launcher_event rodinguilauncherevent27228 C:\Users\bahar\EE446_EXP2_2515583\EE446_EXP2_2515583.xpr
# Log file: C:/Users/bahar/EE446_EXP2_2515583/vivado.log
# Journal file: C:/Users/bahar/EE446_EXP2_2515583\vivado.jou
# Running On        :DESKTOP-4904BLP
# Platform          :Windows Server 2016 or Windows 10
# Operating System  :26100
# Processor Detail  :13th Gen Intel(R) Core(TM) i7-13700H
# CPU Frequency     :2918 MHz
# CPU Physical cores:14
# CPU Logical cores :20
# Host memory       :16802 MB
# Swap memory       :12602 MB
# Total Virtual     :29405 MB
# Available Virtual :6187 MB
#-----------------------------------------------------------
start_gui
open_project C:/Users/bahar/EE446_EXP2_2515583/EE446_EXP2_2515583.xpr
INFO: [filemgmt 56-3] Default IP Output Path : Could not find the directory 'C:/Users/bahar/EE446_EXP2_2515583/EE446_EXP2_2515583.gen/sources_1'.
Scanning sources...
Finished scanning sources
WARNING: [Board 49-26] cannot add Board Part xilinx.com:kc705:part0:1.6 available at C:/Xilinx/Vivado/2024.1/data/xhub/boards/XilinxBoardStore/boards/Xilinx/kc705/1.6/board.xml as part xc7k325tffg900-2 specified in board_part file is either invalid or not available
WARNING: [Board 49-26] cannot add Board Part xilinx.com:kcu105:part0:1.6 available at C:/Xilinx/Vivado/2024.1/data/xhub/boards/XilinxBoardStore/boards/Xilinx/kcu105/1.6/board.xml as part xcku040-ffva1156-2-e specified in board_part file is either invalid or not available
WARNING: [Board 49-26] cannot add Board Part xilinx.com:kcu105:part0:1.7 available at C:/Xilinx/Vivado/2024.1/data/xhub/boards/XilinxBoardStore/boards/Xilinx/kcu105/1.7/board.xml as part xcku040-ffva1156-2-e specified in board_part file is either invalid or not available
WARNING: [Board 49-26] cannot add Board Part xilinx.com:kcu116:part0:1.4 available at C:/Xilinx/Vivado/2024.1/data/xhub/boards/XilinxBoardStore/boards/Xilinx/kcu116/1.4/board.xml as part xcku5p-ffvb676-2-e specified in board_part file is either invalid or not available
WARNING: [Board 49-26] cannot add Board Part xilinx.com:kcu116:part0:1.5 available at C:/Xilinx/Vivado/2024.1/data/xhub/boards/XilinxBoardStore/boards/Xilinx/kcu116/1.5/board.xml as part xcku5p-ffvb676-2-e specified in board_part file is either invalid or not available
WARNING: [Board 49-26] cannot add Board Part xilinx.com:kcu1500:part0:1.2 available at C:/Xilinx/Vivado/2024.1/data/xhub/boards/XilinxBoardStore/boards/Xilinx/kcu1500/1.2/board.xml as part xcku115-flvb2104-2-e specified in board_part file is either invalid or not available
WARNING: [Board 49-26] cannot add Board Part xilinx.com:sp701:part0:1.0 available at C:/Xilinx/Vivado/2024.1/data/xhub/boards/XilinxBoardStore/boards/Xilinx/sp701/1.0/board.xml as part xc7s100fgga676-2 specified in board_part file is either invalid or not available
WARNING: [Board 49-26] cannot add Board Part xilinx.com:sp701:part0:1.1 available at C:/Xilinx/Vivado/2024.1/data/xhub/boards/XilinxBoardStore/boards/Xilinx/sp701/1.1/board.xml as part xc7s100fgga676-2 specified in board_part file is either invalid or not available
WARNING: [Board 49-26] cannot add Board Part xilinx.com:vc707:part0:1.4 available at C:/Xilinx/Vivado/2024.1/data/xhub/boards/XilinxBoardStore/boards/Xilinx/vc707/1.4/board.xml as part xc7vx485tffg1761-2 specified in board_part file is either invalid or not available
WARNING: [Board 49-26] cannot add Board Part xilinx.com:vc709:part0:1.8 available at C:/Xilinx/Vivado/2024.1/data/xhub/boards/XilinxBoardStore/boards/Xilinx/vc709/1.8/board.xml as part xc7vx690tffg1761-2 specified in board_part file is either invalid or not available
WARNING: [Board 49-26] cannot add Board Part xilinx.com:vck190:part0:2.2 available at C:/Xilinx/Vivado/2024.1/data/xhub/boards/XilinxBoardStore/boards/Xilinx/vck190/production/2.2/board.xml as part xcvc1902-vsva2197-2mp-e-s specified in board_part file is either invalid or not available
WARNING: [Board 49-26] cannot add Board Part xilinx.com:vck190:part0:3.0 available at C:/Xilinx/Vivado/2024.1/data/xhub/boards/XilinxBoardStore/boards/Xilinx/vck190/production/3.0/board.xml as part xcvc1902-vsva2197-2mp-e-s specified in board_part file is either invalid or not available
WARNING: [Board 49-26] cannot add Board Part xilinx.com:vck190:part0:3.1 available at C:/Xilinx/Vivado/2024.1/data/xhub/boards/XilinxBoardStore/boards/Xilinx/vck190/production/3.1/board.xml as part xcvc1902-vsva2197-2mp-e-s specified in board_part file is either invalid or not available
WARNING: [Board 49-26] cannot add Board Part xilinx.com:vck190:part0:3.2 available at C:/Xilinx/Vivado/2024.1/data/xhub/boards/XilinxBoardStore/boards/Xilinx/vck190/production/3.2/board.xml as part xcvc1902-vsva2197-2mp-e-s specified in board_part file is either invalid or not available
WARNING: [Board 49-26] cannot add Board Part xilinx.com:vck190:part0:3.3 available at C:/Xilinx/Vivado/2024.1/data/xhub/boards/XilinxBoardStore/boards/Xilinx/vck190/production/3.3/board.xml as part xcvc1902-vsva2197-2mp-e-s specified in board_part file is either invalid or not available
WARNING: [Board 49-26] cannot add Board Part xilinx.com:vck190_newl:part0:1.0 available at C:/Xilinx/Vivado/2024.1/data/xhub/boards/XilinxBoardStore/boards/Xilinx/vck190_newl/production/1.0/board.xml as part xcvc1902-vsva2197-2mp-e-s specified in board_part file is either invalid or not available
WARNING: [Board 49-26] cannot add Board Part xilinx.com:vck190_newl:part0:1.1 available at C:/Xilinx/Vivado/2024.1/data/xhub/boards/XilinxBoardStore/boards/Xilinx/vck190_newl/production/1.1/board.xml as part xcvc1902-vsva2197-2mp-e-s specified in board_part file is either invalid or not available
WARNING: [Board 49-26] cannot add Board Part xilinx.com:vck190_newl:part0:1.2 available at C:/Xilinx/Vivado/2024.1/data/xhub/boards/XilinxBoardStore/boards/Xilinx/vck190_newl/production/1.2/board.xml as part xcvc1902-vsva2197-2mp-e-s specified in board_part file is either invalid or not available
WARNING: [Board 49-26] cannot add Board Part xilinx.com:vcu108:part0:1.6 available at C:/Xilinx/Vivado/2024.1/data/xhub/boards/XilinxBoardStore/boards/Xilinx/vcu108/1.6/board.xml as part xcvu095-ffva2104-2-e specified in board_part file is either invalid or not available
WARNING: [Board 49-26] cannot add Board Part xilinx.com:vcu108:part0:1.7 available at C:/Xilinx/Vivado/2024.1/data/xhub/boards/XilinxBoardStore/boards/Xilinx/vcu108/1.7/board.xml as part xcvu095-ffva2104-2-e specified in board_part file is either invalid or not available
WARNING: [Board 49-26] cannot add Board Part xilinx.com:vcu110:part0:1.4 available at C:/Xilinx/Vivado/2024.1/data/xhub/boards/XilinxBoardStore/boards/Xilinx/vcu110/1.4/board.xml as part xcvu190-flgc2104-2-e specified in board_part file is either invalid or not available
WARNING: [Board 49-26] cannot add Board Part xilinx.com:vcu118:part0:2.0 available at C:/Xilinx/Vivado/2024.1/data/xhub/boards/XilinxBoardStore/boards/Xilinx/vcu118/2.0/board.xml as part xcvu9p-flga2104-2l-e specified in board_part file is either invalid or not available
WARNING: [Board 49-26] cannot add Board Part xilinx.com:vcu118:part0:2.3 available at C:/Xilinx/Vivado/2024.1/data/xhub/boards/XilinxBoardStore/boards/Xilinx/vcu118/2.3/board.xml as part xcvu9p-flga2104-2l-e specified in board_part file is either invalid or not available
WARNING: [Board 49-26] cannot add Board Part xilinx.com:vcu118:part0:2.4 available at C:/Xilinx/Vivado/2024.1/data/xhub/boards/XilinxBoardStore/boards/Xilinx/vcu118/2.4/board.xml as part xcvu9p-flga2104-2l-e specified in board_part file is either invalid or not available
WARNING: [Board 49-26] cannot add Board Part xilinx.com:vcu128:part0:1.0 available at C:/Xilinx/Vivado/2024.1/data/xhub/boards/XilinxBoardStore/boards/Xilinx/vcu128/production/1.0/board.xml as part xcvu37p-fsvh2892-2l-e specified in board_part file is either invalid or not available
WARNING: [Board 49-26] cannot add Board Part xilinx.com:vcu129:part0:1.0 available at C:/Xilinx/Vivado/2024.1/data/xhub/boards/XilinxBoardStore/boards/Xilinx/vcu129/production/1.0/board.xml as part xcvu29p-fsga2577-2l-e specified in board_part file is either invalid or not available
WARNING: [Board 49-26] cannot add Board Part xilinx.com:vcu1525:part0:1.3 available at C:/Xilinx/Vivado/2024.1/data/xhub/boards/XilinxBoardStore/boards/Xilinx/vcu1525/1.3/board.xml as part xcvu9p-fsgd2104-2l-e specified in board_part file is either invalid or not available
WARNING: [Board 49-26] cannot add Board Part xilinx.com:vek280:part0:1.0 available at C:/Xilinx/Vivado/2024.1/data/xhub/boards/XilinxBoardStore/boards/Xilinx/vek280/production/1.0/board.xml as part xcve2802-vsvh1760-2mp-e-s specified in board_part file is either invalid or not available
WARNING: [Board 49-26] cannot add Board Part xilinx.com:vek280:part0:1.1 available at C:/Xilinx/Vivado/2024.1/data/xhub/boards/XilinxBoardStore/boards/Xilinx/vek280/production/1.1/board.xml as part xcve2802-vsvh1760-2mp-e-s specified in board_part file is either invalid or not available
WARNING: [Board 49-26] cannot add Board Part xilinx.com:vek280:part0:1.2 available at C:/Xilinx/Vivado/2024.1/data/xhub/boards/XilinxBoardStore/boards/Xilinx/vek280/production/1.2/board.xml as part xcve2802-vsvh1760-2mp-e-s specified in board_part file is either invalid or not available
WARNING: [Board 49-26] cannot add Board Part xilinx.com:vek280_es:part0:1.0 available at C:/Xilinx/Vivado/2024.1/data/xhub/boards/XilinxBoardStore/boards/Xilinx/vek280/es/rev_a/1.0/board.xml as part xcve2802-vsvh1760-2lp-e-s-es1 specified in board_part file is either invalid or not available
WARNING: [Board 49-26] cannot add Board Part xilinx.com:vek280_es:part0:1.1 available at C:/Xilinx/Vivado/2024.1/data/xhub/boards/XilinxBoardStore/boards/Xilinx/vek280/es/rev_a/1.1/board.xml as part xcve2802-vsvh1760-2lp-e-s-es1 specified in board_part file is either invalid or not available
WARNING: [Board 49-26] cannot add Board Part xilinx.com:vek280_es_revb:part0:1.0 available at C:/Xilinx/Vivado/2024.1/data/xhub/boards/XilinxBoardStore/boards/Xilinx/vek280/es/rev_b/1.0/board.xml as part xcve2802-vsvh1760-2mp-e-s-es1 specified in board_part file is either invalid or not available
WARNING: [Board 49-26] cannot add Board Part xilinx.com:vek280_es_revb:part0:1.1 available at C:/Xilinx/Vivado/2024.1/data/xhub/boards/XilinxBoardStore/boards/Xilinx/vek280/es/rev_b/1.1/board.xml as part xcve2802-vsvh1760-2mp-e-s-es1 specified in board_part file is either invalid or not available
WARNING: [Board 49-26] cannot add Board Part xilinx.com:vermeo_t1_mpsoc:part0:1.0 available at C:/Xilinx/Vivado/2024.1/data/xhub/boards/XilinxBoardStore/boards/Xilinx/vermeo_t1_mpsoc/1.0/board.xml as part xczu19eg-ffvd1760-2l-e specified in board_part file is either invalid or not available
WARNING: [Board 49-26] cannot add Board Part xilinx.com:vermeo_t1_rfsoc:part0:1.0 available at C:/Xilinx/Vivado/2024.1/data/xhub/boards/XilinxBoardStore/boards/Xilinx/vermeo_t1_rfsoc/1.0/board.xml as part xczu21dr-ffvd1156-2l-e specified in board_part file is either invalid or not available
WARNING: [Board 49-26] cannot add Board Part xilinx.com:vhk158:part0:1.0 available at C:/Xilinx/Vivado/2024.1/data/xhub/boards/XilinxBoardStore/boards/Xilinx/vhk158/production/1.0/board.xml as part xcvh1582-vsva3697-2mp-e-s specified in board_part file is either invalid or not available
WARNING: [Board 49-26] cannot add Board Part xilinx.com:vhk158:part0:1.1 available at C:/Xilinx/Vivado/2024.1/data/xhub/boards/XilinxBoardStore/boards/Xilinx/vhk158/production/1.1/board.xml as part xcvh1582-vsva3697-2mp-e-s specified in board_part file is either invalid or not available
WARNING: [Board 49-26] cannot add Board Part xilinx.com:vhk158_es:part0:1.0 available at C:/Xilinx/Vivado/2024.1/data/xhub/boards/XilinxBoardStore/boards/Xilinx/vhk158/es/1.0/board.xml as part xcvh1582-vsva3697-2mp-e-s-es1 specified in board_part file is either invalid or not available
WARNING: [Board 49-26] cannot add Board Part xilinx.com:vhk158_es:part0:1.1 available at C:/Xilinx/Vivado/2024.1/data/xhub/boards/XilinxBoardStore/boards/Xilinx/vhk158/es/1.1/board.xml as part xcvh1582-vsva3697-2mp-e-s-es1 specified in board_part file is either invalid or not available
WARNING: [Board 49-26] cannot add Board Part xilinx.com:vmk180:part0:2.2 available at C:/Xilinx/Vivado/2024.1/data/xhub/boards/XilinxBoardStore/boards/Xilinx/vmk180/production/2.2/board.xml as part xcvm1802-vsva2197-2mp-e-s specified in board_part file is either invalid or not available
WARNING: [Board 49-26] cannot add Board Part xilinx.com:vmk180:part0:3.0 available at C:/Xilinx/Vivado/2024.1/data/xhub/boards/XilinxBoardStore/boards/Xilinx/vmk180/production/3.0/board.xml as part xcvm1802-vsva2197-2mp-e-s specified in board_part file is either invalid or not available
WARNING: [Board 49-26] cannot add Board Part xilinx.com:vmk180:part0:3.1 available at C:/Xilinx/Vivado/2024.1/data/xhub/boards/XilinxBoardStore/boards/Xilinx/vmk180/production/3.1/board.xml as part xcvm1802-vsva2197-2mp-e-s specified in board_part file is either invalid or not available
WARNING: [Board 49-26] cannot add Board Part xilinx.com:vmk180:part0:3.2 available at C:/Xilinx/Vivado/2024.1/data/xhub/boards/XilinxBoardStore/boards/Xilinx/vmk180/production/3.2/board.xml as part xcvm1802-vsva2197-2mp-e-s specified in board_part file is either invalid or not available
WARNING: [Board 49-26] cannot add Board Part xilinx.com:vmk180_newl:part0:1.0 available at C:/Xilinx/Vivado/2024.1/data/xhub/boards/XilinxBoardStore/boards/Xilinx/vmk180_newl/production/1.0/board.xml as part xcvm1802-vsva2197-2mp-e-s specified in board_part file is either invalid or not available
WARNING: [Board 49-26] cannot add Board Part xilinx.com:vmk180_newl:part0:1.1 available at C:/Xilinx/Vivado/2024.1/data/xhub/boards/XilinxBoardStore/boards/Xilinx/vmk180_newl/production/1.1/board.xml as part xcvm1802-vsva2197-2mp-e-s specified in board_part file is either invalid or not available
WARNING: [Board 49-26] cannot add Board Part xilinx.com:vpk120:part0:1.0 available at C:/Xilinx/Vivado/2024.1/data/xhub/boards/XilinxBoardStore/boards/Xilinx/vpk120/production/1.0/board.xml as part xcvp1202-vsva2785-2mp-e-s specified in board_part file is either invalid or not available
WARNING: [Board 49-26] cannot add Board Part xilinx.com:vpk120:part0:1.1 available at C:/Xilinx/Vivado/2024.1/data/xhub/boards/XilinxBoardStore/boards/Xilinx/vpk120/production/1.1/board.xml as part xcvp1202-vsva2785-2mp-e-s specified in board_part file is either invalid or not available
WARNING: [Board 49-26] cannot add Board Part xilinx.com:vpk120:part0:1.2 available at C:/Xilinx/Vivado/2024.1/data/xhub/boards/XilinxBoardStore/boards/Xilinx/vpk120/production/1.2/board.xml as part xcvp1202-vsva2785-2mp-e-s specified in board_part file is either invalid or not available
WARNING: [Board 49-26] cannot add Board Part xilinx.com:vpk180:part0:1.0 available at C:/Xilinx/Vivado/2024.1/data/xhub/boards/XilinxBoardStore/boards/Xilinx/vpk180/production/1.0/board.xml as part xcvp1802-lsvc4072-2mp-e-s specified in board_part file is either invalid or not available
WARNING: [Board 49-26] cannot add Board Part xilinx.com:vpk180:part0:1.1 available at C:/Xilinx/Vivado/2024.1/data/xhub/boards/XilinxBoardStore/boards/Xilinx/vpk180/production/1.1/board.xml as part xcvp1802-lsvc4072-2mp-e-s specified in board_part file is either invalid or not available
WARNING: [Board 49-26] cannot add Board Part xilinx.com:vpk180:part0:1.2 available at C:/Xilinx/Vivado/2024.1/data/xhub/boards/XilinxBoardStore/boards/Xilinx/vpk180/production/1.2/board.xml as part xcvp1802-lsvc4072-2mp-e-s specified in board_part file is either invalid or not available
WARNING: [Board 49-26] cannot add Board Part xilinx.com:zc702:part0:1.4 available at C:/Xilinx/Vivado/2024.1/data/xhub/boards/XilinxBoardStore/boards/Xilinx/zc702/1.4/board.xml as part xc7z020clg484-1 specified in board_part file is either invalid or not available
WARNING: [Board 49-26] cannot add Board Part xilinx.com:zc706:part0:1.4 available at C:/Xilinx/Vivado/2024.1/data/xhub/boards/XilinxBoardStore/boards/Xilinx/zc706/1.4/board.xml as part xc7z045ffg900-2 specified in board_part file is either invalid or not available
WARNING: [Board 49-26] cannot add Board Part xilinx.com:zcu102:part0:3.3 available at C:/Xilinx/Vivado/2024.1/data/xhub/boards/XilinxBoardStore/boards/Xilinx/zcu102/3.3/board.xml as part xczu9eg-ffvb1156-2-e specified in board_part file is either invalid or not available
WARNING: [Board 49-26] cannot add Board Part xilinx.com:zcu102:part0:3.4 available at C:/Xilinx/Vivado/2024.1/data/xhub/boards/XilinxBoardStore/boards/Xilinx/zcu102/3.4/board.xml as part xczu9eg-ffvb1156-2-e specified in board_part file is either invalid or not available
WARNING: [Board 49-26] cannot add Board Part xilinx.com:zcu104:part0:1.1 available at C:/Xilinx/Vivado/2024.1/data/xhub/boards/XilinxBoardStore/boards/Xilinx/zcu104/1.1/board.xml as part xczu7ev-ffvc1156-2-e specified in board_part file is either invalid or not available
WARNING: [Board 49-26] cannot add Board Part xilinx.com:zcu106:part0:2.4 available at C:/Xilinx/Vivado/2024.1/data/xhub/boards/XilinxBoardStore/boards/Xilinx/zcu106/2.4/board.xml as part xczu7ev-ffvc1156-2-e specified in board_part file is either invalid or not available
WARNING: [Board 49-26] cannot add Board Part xilinx.com:zcu106:part0:2.5 available at C:/Xilinx/Vivado/2024.1/data/xhub/boards/XilinxBoardStore/boards/Xilinx/zcu106/2.5/board.xml as part xczu7ev-ffvc1156-2-e specified in board_part file is either invalid or not available
WARNING: [Board 49-26] cannot add Board Part xilinx.com:zcu106:part0:2.6 available at C:/Xilinx/Vivado/2024.1/data/xhub/boards/XilinxBoardStore/boards/Xilinx/zcu106/2.6/board.xml as part xczu7ev-ffvc1156-2-e specified in board_part file is either invalid or not available
WARNING: [Board 49-26] cannot add Board Part xilinx.com:zcu111:part0:1.2 available at C:/Xilinx/Vivado/2024.1/data/xhub/boards/XilinxBoardStore/boards/Xilinx/zcu111/1.2/board.xml as part xczu28dr-ffvg1517-2-e specified in board_part file is either invalid or not available
WARNING: [Board 49-26] cannot add Board Part xilinx.com:zcu111:part0:1.3 available at C:/Xilinx/Vivado/2024.1/data/xhub/boards/XilinxBoardStore/boards/Xilinx/zcu111/1.3/board.xml as part xczu28dr-ffvg1517-2-e specified in board_part file is either invalid or not available
WARNING: [Board 49-26] cannot add Board Part xilinx.com:zcu111:part0:1.4 available at C:/Xilinx/Vivado/2024.1/data/xhub/boards/XilinxBoardStore/boards/Xilinx/zcu111/1.4/board.xml as part xczu28dr-ffvg1517-2-e specified in board_part file is either invalid or not available
WARNING: [Board 49-26] cannot add Board Part xilinx.com:zcu1275:part0:1.0 available at C:/Xilinx/Vivado/2024.1/data/xhub/boards/XilinxBoardStore/boards/Xilinx/zcu1275/1.0/board.xml as part xczu29dr-ffvf1760-2-e specified in board_part file is either invalid or not available
WARNING: [Board 49-26] cannot add Board Part xilinx.com:zcu1285:part0:1.0 available at C:/Xilinx/Vivado/2024.1/data/xhub/boards/XilinxBoardStore/boards/Xilinx/zcu1285/1.0/board.xml as part xczu39dr-ffvf1760-2-i specified in board_part file is either invalid or not available
WARNING: [Board 49-26] cannot add Board Part xilinx.com:zcu208:part0:2.0 available at C:/Xilinx/Vivado/2024.1/data/xhub/boards/XilinxBoardStore/boards/Xilinx/zcu208/production/2.0/board.xml as part xczu48dr-fsvg1517-2-e specified in board_part file is either invalid or not available
WARNING: [Board 49-26] cannot add Board Part xilinx.com:zcu208ld:part0:2.0 available at C:/Xilinx/Vivado/2024.1/data/xhub/boards/XilinxBoardStore/boards/Xilinx/zcu208ld/production/2.0/board.xml as part xczu58dr-fsvg1517-2-i specified in board_part file is either invalid or not available
WARNING: [Board 49-26] cannot add Board Part xilinx.com:zcu216:part0:2.0 available at C:/Xilinx/Vivado/2024.1/data/xhub/boards/XilinxBoardStore/boards/Xilinx/zcu216/production/2.0/board.xml as part xczu49dr-ffvf1760-2-e specified in board_part file is either invalid or not available
WARNING: [Board 49-26] cannot add Board Part xilinx.com:zcu216ld:part0:2.0 available at C:/Xilinx/Vivado/2024.1/data/xhub/boards/XilinxBoardStore/boards/Xilinx/zcu216ld/production/2.0/board.xml as part xczu59dr-ffvf1760-2-i specified in board_part file is either invalid or not available
WARNING: [Board 49-26] cannot add Board Part xilinx.com:zcu670:part0:2.0 available at C:/Xilinx/Vivado/2024.1/data/xhub/boards/XilinxBoardStore/boards/Xilinx/zcu670/2.0/board.xml as part xczu67dr-fsve1156-2-i specified in board_part file is either invalid or not available
WARNING: [Board 49-26] cannot add Board Part xilinx.com:zcu670ld:part0:1.0 available at C:/Xilinx/Vivado/2024.1/data/xhub/boards/XilinxBoardStore/boards/Xilinx/zcu670ld/1.0/board.xml as part xczu57dr-fsve1156-2-i specified in board_part file is either invalid or not available
INFO: [IP_Flow 19-234] Refreshing IP repositories
INFO: [IP_Flow 19-1704] No user IP repositories specified
INFO: [IP_Flow 19-2313] Loaded Vivado IP repository 'C:/Xilinx/Vivado/2024.1/data/ip'.
open_project: Time (s): cpu = 00:00:19 ; elapsed = 00:00:11 . Memory (MB): peak = 1544.102 ; gain = 459.637
update_compile_order -fileset sources_1
synth_design -rtl -rtl_skip_mlo -name rtl_1
Command: synth_design -rtl -rtl_skip_mlo -name rtl_1
Starting synth_design
Using part: xc7a100tcsg324-1
Top: Project_top_module
INFO: [Device 21-403] Loading part xc7a100tcsg324-1
INFO: [Device 21-9227] Part: xc7a100tcsg324-1 does not have CEAM library.
INFO: [Synth 8-7079] Multithreading enabled for synth_design using a maximum of 2 processes.
INFO: [Synth 8-7078] Launching helper process for spawning children vivado processes
INFO: [Synth 8-7075] Helper process launched with PID 22712
---------------------------------------------------------------------------------
Starting RTL Elaboration : Time (s): cpu = 00:00:04 ; elapsed = 00:00:04 . Memory (MB): peak = 2416.066 ; gain = 442.477
---------------------------------------------------------------------------------
INFO: [Synth 8-6157] synthesizing module 'Project_top_module' [C:/Users/bahar/EE446_EXP2_2515583/EE446_EXP2_2515583.srcs/sources_1/imports/EE446_EXP2_2515583_Code/Project_top_module.v:3]
INFO: [Synth 8-6157] synthesizing module 'MSSD' [C:/Users/bahar/EE446_EXP2_2515583/EE446_EXP2_2515583.srcs/sources_1/imports/EE446_EXP2_2515583_Code/MSSD.v:3]
INFO: [Synth 8-6157] synthesizing module 'SSD' [C:/Users/bahar/EE446_EXP2_2515583/EE446_EXP2_2515583.srcs/sources_1/imports/EE446_EXP2_2515583_Code/SSD.v:3]
INFO: [Synth 8-6155] done synthesizing module 'SSD' (0#1) [C:/Users/bahar/EE446_EXP2_2515583/EE446_EXP2_2515583.srcs/sources_1/imports/EE446_EXP2_2515583_Code/SSD.v:3]
INFO: [Synth 8-6155] done synthesizing module 'MSSD' (0#1) [C:/Users/bahar/EE446_EXP2_2515583/EE446_EXP2_2515583.srcs/sources_1/imports/EE446_EXP2_2515583_Code/MSSD.v:3]
INFO: [Synth 8-6157] synthesizing module 'debouncer' [C:/Users/bahar/EE446_EXP2_2515583/EE446_EXP2_2515583.srcs/sources_1/imports/EE446_EXP2_2515583_Code/debouncer.v:3]
INFO: [Synth 8-6155] done synthesizing module 'debouncer' (0#1) [C:/Users/bahar/EE446_EXP2_2515583/EE446_EXP2_2515583.srcs/sources_1/imports/EE446_EXP2_2515583_Code/debouncer.v:3]
INFO: [Synth 8-6157] synthesizing module 'Single_Cycle_Computer' [C:/Users/bahar/EE446_EXP2_2515583/EE446_EXP2_2515583.srcs/sources_1/imports/EE446_EXP2_2515583_Code/Single_Cycle_Computer.v:1]
INFO: [Synth 8-6157] synthesizing module 'datapath' [C:/Users/bahar/EE446_EXP2_2515583/EE446_EXP2_2515583.srcs/sources_1/imports/EE446_EXP2_2515583_Code/datapath.v:1]
INFO: [Synth 8-6157] synthesizing module 'Register_reset' [C:/Users/bahar/EE446_EXP2_2515583/EE446_EXP2_2515583.srcs/sources_1/imports/EE446_EXP2_2515583_Code/Register_reset.v:1]
	Parameter WIDTH bound to: 32 - type: integer 
INFO: [Synth 8-6155] done synthesizing module 'Register_reset' (0#1) [C:/Users/bahar/EE446_EXP2_2515583/EE446_EXP2_2515583.srcs/sources_1/imports/EE446_EXP2_2515583_Code/Register_reset.v:1]
INFO: [Synth 8-6157] synthesizing module 'Instruction_memory' [C:/Users/bahar/EE446_EXP2_2515583/EE446_EXP2_2515583.srcs/sources_1/imports/EE446_EXP2_2515583_Code/Instruction_memory.v:1]
INFO: [Synth 8-3876] $readmem data file 'Instructions.hex' is read successfully [C:/Users/bahar/EE446_EXP2_2515583/EE446_EXP2_2515583.srcs/sources_1/imports/EE446_EXP2_2515583_Code/Instruction_memory.v:9]
INFO: [Synth 8-6155] done synthesizing module 'Instruction_memory' (0#1) [C:/Users/bahar/EE446_EXP2_2515583/EE446_EXP2_2515583.srcs/sources_1/imports/EE446_EXP2_2515583_Code/Instruction_memory.v:1]
INFO: [Synth 8-6157] synthesizing module 'Memory' [C:/Users/bahar/EE446_EXP2_2515583/EE446_EXP2_2515583.srcs/sources_1/imports/EE446_EXP2_2515583_Code/Memory.v:1]
INFO: [Synth 8-6155] done synthesizing module 'Memory' (0#1) [C:/Users/bahar/EE446_EXP2_2515583/EE446_EXP2_2515583.srcs/sources_1/imports/EE446_EXP2_2515583_Code/Memory.v:1]
INFO: [Synth 8-6157] synthesizing module 'Register_file' [C:/Users/bahar/EE446_EXP2_2515583/EE446_EXP2_2515583.srcs/sources_1/imports/EE446_EXP2_2515583_Code/Register_file.v:1]
	Parameter WIDTH bound to: 32 - type: integer 
INFO: [Synth 8-6157] synthesizing module 'Register_rsten_neg' [C:/Users/bahar/EE446_EXP2_2515583/EE446_EXP2_2515583.srcs/sources_1/imports/EE446_EXP2_2515583_Code/Register_rsten_neg.v:1]
	Parameter WIDTH bound to: 32 - type: integer 
INFO: [Synth 8-6155] done synthesizing module 'Register_rsten_neg' (0#1) [C:/Users/bahar/EE446_EXP2_2515583/EE446_EXP2_2515583.srcs/sources_1/imports/EE446_EXP2_2515583_Code/Register_rsten_neg.v:1]
INFO: [Synth 8-6157] synthesizing module 'Decoder_4to16' [C:/Users/bahar/EE446_EXP2_2515583/EE446_EXP2_2515583.srcs/sources_1/imports/EE446_EXP2_2515583_Code/Decoder_4to16.v:1]
INFO: [Synth 8-6155] done synthesizing module 'Decoder_4to16' (0#1) [C:/Users/bahar/EE446_EXP2_2515583/EE446_EXP2_2515583.srcs/sources_1/imports/EE446_EXP2_2515583_Code/Decoder_4to16.v:1]
INFO: [Synth 8-6157] synthesizing module 'Mux_16to1' [C:/Users/bahar/EE446_EXP2_2515583/EE446_EXP2_2515583.srcs/sources_1/imports/EE446_EXP2_2515583_Code/Mux_16to1.v:1]
	Parameter WIDTH bound to: 32 - type: integer 
INFO: [Synth 8-226] default block is never used [C:/Users/bahar/EE446_EXP2_2515583/EE446_EXP2_2515583.srcs/sources_1/imports/EE446_EXP2_2515583_Code/Mux_16to1.v:9]
INFO: [Synth 8-6155] done synthesizing module 'Mux_16to1' (0#1) [C:/Users/bahar/EE446_EXP2_2515583/EE446_EXP2_2515583.srcs/sources_1/imports/EE446_EXP2_2515583_Code/Mux_16to1.v:1]
INFO: [Synth 8-6155] done synthesizing module 'Register_file' (0#1) [C:/Users/bahar/EE446_EXP2_2515583/EE446_EXP2_2515583.srcs/sources_1/imports/EE446_EXP2_2515583_Code/Register_file.v:1]
INFO: [Synth 8-6157] synthesizing module 'Mux_2to1' [C:/Users/bahar/EE446_EXP2_2515583/EE446_EXP2_2515583.srcs/sources_1/imports/EE446_EXP2_2515583_Code/Mux_2to1.v:1]
	Parameter WIDTH bound to: 4 - type: integer 
INFO: [Synth 8-6155] done synthesizing module 'Mux_2to1' (0#1) [C:/Users/bahar/EE446_EXP2_2515583/EE446_EXP2_2515583.srcs/sources_1/imports/EE446_EXP2_2515583_Code/Mux_2to1.v:1]
INFO: [Synth 8-6157] synthesizing module 'Mux_2to1__parameterized0' [C:/Users/bahar/EE446_EXP2_2515583/EE446_EXP2_2515583.srcs/sources_1/imports/EE446_EXP2_2515583_Code/Mux_2to1.v:1]
	Parameter WIDTH bound to: 32 - type: integer 
INFO: [Synth 8-6155] done synthesizing module 'Mux_2to1__parameterized0' (0#1) [C:/Users/bahar/EE446_EXP2_2515583/EE446_EXP2_2515583.srcs/sources_1/imports/EE446_EXP2_2515583_Code/Mux_2to1.v:1]
INFO: [Synth 8-6157] synthesizing module 'shifter' [C:/Users/bahar/EE446_EXP2_2515583/EE446_EXP2_2515583.srcs/sources_1/imports/EE446_EXP2_2515583_Code/shifter.v:1]
	Parameter WIDTH bound to: 32 - type: integer 
INFO: [Synth 8-6155] done synthesizing module 'shifter' (0#1) [C:/Users/bahar/EE446_EXP2_2515583/EE446_EXP2_2515583.srcs/sources_1/imports/EE446_EXP2_2515583_Code/shifter.v:1]
INFO: [Synth 8-6157] synthesizing module 'ALU' [C:/Users/bahar/EE446_EXP2_2515583/EE446_EXP2_2515583.srcs/sources_1/imports/EE446_EXP2_2515583_Code/ALU.v:1]
	Parameter WIDTH bound to: 32 - type: integer 
INFO: [Synth 8-6155] done synthesizing module 'ALU' (0#1) [C:/Users/bahar/EE446_EXP2_2515583/EE446_EXP2_2515583.srcs/sources_1/imports/EE446_EXP2_2515583_Code/ALU.v:1]
INFO: [Synth 8-6157] synthesizing module 'Extender' [C:/Users/bahar/EE446_EXP2_2515583/EE446_EXP2_2515583.srcs/sources_1/imports/EE446_EXP2_2515583_Code/Extender.v:1]
INFO: [Synth 8-6155] done synthesizing module 'Extender' (0#1) [C:/Users/bahar/EE446_EXP2_2515583/EE446_EXP2_2515583.srcs/sources_1/imports/EE446_EXP2_2515583_Code/Extender.v:1]
INFO: [Synth 8-6157] synthesizing module 'Adder' [C:/Users/bahar/EE446_EXP2_2515583/EE446_EXP2_2515583.srcs/sources_1/imports/EE446_EXP2_2515583_Code/Adder.v:1]
	Parameter WIDTH bound to: 32 - type: integer 
INFO: [Synth 8-6155] done synthesizing module 'Adder' (0#1) [C:/Users/bahar/EE446_EXP2_2515583/EE446_EXP2_2515583.srcs/sources_1/imports/EE446_EXP2_2515583_Code/Adder.v:1]
INFO: [Synth 8-6157] synthesizing module 'Mux_2to1__parameterized1' [C:/Users/bahar/EE446_EXP2_2515583/EE446_EXP2_2515583.srcs/sources_1/imports/EE446_EXP2_2515583_Code/Mux_2to1.v:1]
	Parameter WIDTH bound to: 5 - type: integer 
INFO: [Synth 8-6155] done synthesizing module 'Mux_2to1__parameterized1' (0#1) [C:/Users/bahar/EE446_EXP2_2515583/EE446_EXP2_2515583.srcs/sources_1/imports/EE446_EXP2_2515583_Code/Mux_2to1.v:1]
INFO: [Synth 8-6157] synthesizing module 'Mux_2to1__parameterized2' [C:/Users/bahar/EE446_EXP2_2515583/EE446_EXP2_2515583.srcs/sources_1/imports/EE446_EXP2_2515583_Code/Mux_2to1.v:1]
	Parameter WIDTH bound to: 2 - type: integer 
INFO: [Synth 8-6155] done synthesizing module 'Mux_2to1__parameterized2' (0#1) [C:/Users/bahar/EE446_EXP2_2515583/EE446_EXP2_2515583.srcs/sources_1/imports/EE446_EXP2_2515583_Code/Mux_2to1.v:1]
INFO: [Synth 8-6155] done synthesizing module 'datapath' (0#1) [C:/Users/bahar/EE446_EXP2_2515583/EE446_EXP2_2515583.srcs/sources_1/imports/EE446_EXP2_2515583_Code/datapath.v:1]
INFO: [Synth 8-6157] synthesizing module 'Decoder' [C:/Users/bahar/EE446_EXP2_2515583/EE446_EXP2_2515583.srcs/sources_1/imports/EE446_EXP2_2515583_Code/Decoder.v:1]
INFO: [Synth 8-6157] synthesizing module 'Register_en' [C:/Users/bahar/EE446_EXP2_2515583/EE446_EXP2_2515583.srcs/sources_1/imports/EE446_EXP2_2515583_Code/Register_en.v:1]
	Parameter WIDTH bound to: 1 - type: integer 
INFO: [Synth 8-6155] done synthesizing module 'Register_en' (0#1) [C:/Users/bahar/EE446_EXP2_2515583/EE446_EXP2_2515583.srcs/sources_1/imports/EE446_EXP2_2515583_Code/Register_en.v:1]
INFO: [Synth 8-6155] done synthesizing module 'Decoder' (0#1) [C:/Users/bahar/EE446_EXP2_2515583/EE446_EXP2_2515583.srcs/sources_1/imports/EE446_EXP2_2515583_Code/Decoder.v:1]
INFO: [Synth 8-6155] done synthesizing module 'Single_Cycle_Computer' (0#1) [C:/Users/bahar/EE446_EXP2_2515583/EE446_EXP2_2515583.srcs/sources_1/imports/EE446_EXP2_2515583_Code/Single_Cycle_Computer.v:1]
INFO: [Synth 8-6155] done synthesizing module 'Project_top_module' (0#1) [C:/Users/bahar/EE446_EXP2_2515583/EE446_EXP2_2515583.srcs/sources_1/imports/EE446_EXP2_2515583_Code/Project_top_module.v:3]
WARNING: [Synth 8-4767] Trying to implement RAM 'mem_reg' in registers. Block RAM or DRAM implementation is not possible; see log for reasons.
Reason is one or more of the following :
	1: RAM has multiple writes via different ports in same process. If RAM inferencing intended, write to one port per process. 
	2: Unable to determine number of words or word size in RAM. 
	3: No valid read/write found for RAM. 
RAM "mem_reg" dissolved into registers
WARNING: [Synth 8-3848] Net carry_in in module/entity datapath does not have driver. [C:/Users/bahar/EE446_EXP2_2515583/EE446_EXP2_2515583.srcs/sources_1/imports/EE446_EXP2_2515583_Code/datapath.v:13]
---------------------------------------------------------------------------------
Finished RTL Elaboration : Time (s): cpu = 00:00:06 ; elapsed = 00:00:06 . Memory (MB): peak = 2585.973 ; gain = 612.383
---------------------------------------------------------------------------------
---------------------------------------------------------------------------------
Start Handling Custom Attributes
---------------------------------------------------------------------------------
---------------------------------------------------------------------------------
Finished Handling Custom Attributes : Time (s): cpu = 00:00:06 ; elapsed = 00:00:07 . Memory (MB): peak = 2585.973 ; gain = 612.383
---------------------------------------------------------------------------------
---------------------------------------------------------------------------------
Finished RTL Optimization Phase 1 : Time (s): cpu = 00:00:06 ; elapsed = 00:00:07 . Memory (MB): peak = 2585.973 ; gain = 612.383
---------------------------------------------------------------------------------
Netlist sorting complete. Time (s): cpu = 00:00:00 ; elapsed = 00:00:00.061 . Memory (MB): peak = 2585.973 ; gain = 0.000
INFO: [Project 1-570] Preparing netlist for logic optimization

Processing XDC Constraints
Initializing timing engine
Parsing XDC File [C:/Users/bahar/EE446_EXP2_2515583/EE446_EXP2_2515583.srcs/constrs_1/imports/EE446/Nexys-A7-100T-Master.xdc]
Finished Parsing XDC File [C:/Users/bahar/EE446_EXP2_2515583/EE446_EXP2_2515583.srcs/constrs_1/imports/EE446/Nexys-A7-100T-Master.xdc]
Completed Processing XDC Constraints

Netlist sorting complete. Time (s): cpu = 00:00:00 ; elapsed = 00:00:00.001 . Memory (MB): peak = 2683.090 ; gain = 0.000
INFO: [Project 1-111] Unisim Transformation Summary:
No Unisim elements were transformed.

RTL Elaboration Complete:  : Time (s): cpu = 00:00:18 ; elapsed = 00:00:12 . Memory (MB): peak = 2745.176 ; gain = 771.586
55 Infos, 2 Warnings, 0 Critical Warnings and 0 Errors encountered.
synth_design completed successfully
synth_design: Time (s): cpu = 00:00:21 ; elapsed = 00:00:20 . Memory (MB): peak = 2745.176 ; gain = 1157.191
exit
INFO: [Common 17-206] Exiting Vivado at Wed Apr  2 23:25:32 2025...
